GPU 0: 24.44 GB free -> N=512

Bogoliubov dispersion: eps(k) = sqrt(k^2 + k^4/4)
  Healing length xi = 0.7071
  Speed of sound c_s = 1.0
  sigma= 15.0xi: k_dom=0.0943  v_dom=1.0078  k_edge=0.3504  v_edge=1.1060
  sigma=  0.5xi: k_dom=2.8284  v_dom=5.1962  k_edge=10.5130  v_edge=20.8425

#################################################################
  RUN A: IR LIMIT (sigma=15xi) -- Emergent GR
#################################################################
  Grid:         512^3 = 134,217,728
  Box:          L = 93.34   dx = 0.3646  (dx/xi = 0.516)
  dt:           0.019940
  sigma:        15.0 xi = 10.6066
  sigma/dx:     29.1 cells
  R_boundary:   60 xi
  k_dom:        0.0943   v_g(k_dom) = 1.0078 c_s
  k_edge:       0.3504   v_g(k_edge) = 1.1060 c_s  (leading edge)
  CFL speed:    36.6  (must >> max v_g)
  Trefoil: scale=2.83, rho=[0.0012, 1.0000]
  <rho> = 0.999986 -> normalized to 1.0

  Relaxation (50 steps)...
    step 10: <rho>=1.000000
    step 20: <rho>=0.999999
    step 30: <rho>=0.999998
    step 40: <rho>=0.999998
    step 50: <rho>=0.999997
  Relaxed in 4.0s (12.4 steps/s)
  Shell 0: R=35xi  t_cs=24.7487  t_edge=22.3777
  Shell 1: R=40xi  t_cs=28.2843  t_edge=25.5745
  Shell 2: R=45xi  t_cs=31.8198  t_edge=28.7713
  Shell 3: R=50xi  t_cs=35.3553  t_edge=31.9681
  Shell 4: R=60xi  t_cs=42.4264  t_edge=38.3618

  Saving state...

  REFERENCE RUN (4256 steps, ~327s)...
    t=7.9761  400/4256  [13.2 s/s]
    t=15.9521  800/4256  [13.1 s/s]
    t=23.9282  1200/4256  [13.0 s/s]
    t=31.9043  1600/4256  [13.0 s/s]
    t=39.8804  2000/4256  [13.0 s/s]
    t=47.8564  2400/4256  [12.9 s/s]
    t=55.8325  2800/4256  [12.9 s/s]
    t=63.8086  3200/4256  [12.9 s/s]
    t=71.7847  3600/4256  [12.9 s/s]
    t=79.7607  4000/4256  [13.0 s/s]
  Reference done (327.5s)

  INJECTING: sigma=15.0xi  dphi=3.1416  void=0.1
  Baseline footprint at each shell:
    R=35xi: rho_rms=5.959e-02  phase_mad=2.065e-01
    R=40xi: rho_rms=2.581e-02  phase_mad=8.978e-02
    R=45xi: rho_rms=1.002e-02  phase_mad=3.492e-02
    R=50xi: rho_rms=3.489e-03  phase_mad=1.215e-02
    R=60xi: rho_rms=3.028e-04  phase_mad=1.055e-03

  PERTURBED RUN (max 4256 steps, thresh=0.005)...
  ** PHASE    R=35xi: t=0.0997 sig=5.795e-03
  ** PHASE    R=40xi: t=0.1994 sig=5.101e-03
  ** ACOUSTIC R=35xi: t=0.3988 (t/t_cs=0.016) sig=5.633e-03
  ** PHASE    R=45xi: t=0.5982 sig=6.234e-03
  ** ACOUSTIC R=40xi: t=0.9970 (t/t_cs=0.035) sig=5.130e-03
  ** PHASE    R=50xi: t=1.3958 sig=5.736e-03
  ** ACOUSTIC R=45xi: t=1.9940 (t/t_cs=0.063) sig=5.649e-03
  ** ACOUSTIC R=50xi: t=3.1904 (t/t_cs=0.090) sig=5.775e-03
    t=3.9880  [13.7 s/s]
  ** ACOUSTIC R=60xi: t=5.3839 (t/t_cs=0.127) sig=5.048e-03
  ** PHASE    R=60xi: t=5.5833 sig=5.377e-03
    t=7.9761  [12.9 s/s]
  Early exit at t=11.3659

  ============================================================
  RESULTS: RUN A: IR LIMIT (sigma=15xi) -- Emergent GR
  Signal = [pert(t)-ref(t)] - baseline
  ============================================================
  Shell   R/xi     t_cs    t_acou   t_phase   v/c_s
  -------------------------------------------------------
      0   35.0  24.7487    0.3988    0.0997   62.06
      1   40.0  28.2843    0.9970    0.1994   28.37
      2   45.0  31.8198    1.9940    0.5982   15.96
      3   50.0  35.3553    3.1904    1.3958   11.08
      4   60.0  42.4264    5.3839    5.5833    7.88

  >> Fitted wavefront speed:  c_fit = 3.4528 c_s
  >> Bogoliubov prediction:   v_dom = 1.0078 c_s  v_edge = 1.1060 c_s
  >> Inner->outer ordering:  CORRECT
  >> Detected: acoustic 5/5, phase 5/5
  >> Ref: 327.5s  Pert: 43.4s  Total: 375.0s

#################################################################
  RUN B: UV LIMIT (sigma=0.5xi) -- Emergent QM
#################################################################
  Grid:         512^3 = 134,217,728
  Box:          L = 23.33   dx = 0.0912  (dx/xi = 0.129)
  dt:           0.001246
  sigma:        0.5 xi = 0.3536
  sigma/dx:     3.9 cells
  R_boundary:   15 xi
  k_dom:        2.8284   v_g(k_dom) = 5.1962 c_s
  k_edge:       10.5130   v_g(k_edge) = 20.8425 c_s  (leading edge)
  CFL speed:    146.3  (must >> max v_g)
  Trefoil: scale=2.83, rho=[0.0000, 1.0000]
  <rho> = 0.999077 -> normalized to 1.0

  Relaxation (50 steps)...
    step 10: <rho>=0.999998
    step 20: <rho>=0.999996
    step 30: <rho>=0.999993
    step 40: <rho>=0.999991
    step 50: <rho>=0.999989
  Relaxed in 4.0s (12.3 steps/s)
  Shell 0: R=3xi  t_cs=2.1213  t_edge=0.1018
  Shell 1: R=5xi  t_cs=3.5355  t_edge=0.1696
  Shell 2: R=7.5xi  t_cs=5.3033  t_edge=0.2544
  Shell 3: R=10xi  t_cs=7.0711  t_edge=0.3393
  Shell 4: R=15xi  t_cs=10.6066  t_edge=0.5089

  Saving state...

  REFERENCE RUN (17022 steps, ~1309s)...
    t=2.0937  1680/17022  [13.0 s/s]
    t=4.1874  3360/17022  [13.0 s/s]
    t=6.2812  5040/17022  [13.0 s/s]
    t=8.3749  6720/17022  [10.1 s/s]
