GPU 0: 24.44 GB free -> N=512
=================================================================
  GP STRESS TEST -- RK4+FD4, A/B DIFF + BASELINE SUBTRACTION
=================================================================
  Grid:           512^3 = 134,217,728
  dx:             0.0912   dt: 0.001246
  xi:             0.7071   c_s: 1.0000
  CFL num speed:  146.28
  Boundary R:     10.6066 (15.0 xi)
  Perturbation:   sigma=1.414, dphi=3.1416, void=0.1
  VRAM estimate:  6.44 GB
=================================================================
  Trefoil imprinted. scale=2.83, rho=[0.0000, 1.0000]
  <rho> = 1.000000

--- Relaxation (50 steps) ---
  step 10: <rho>=0.999998 max=5.0189
  step 20: <rho>=0.999996 max=6.8631
  step 30: <rho>=0.999993 max=8.9580
  step 40: <rho>=0.999991 max=13.0249
  step 50: <rho>=0.999989 max=14.5832
  Relaxed in 4.0s
  Shell 0: R=3.0xi  t_exp=2.1213
  Shell 1: R=5.0xi  t_exp=3.5355
  Shell 2: R=7.5xi  t_exp=5.3033
  Shell 3: R=10.0xi  t_exp=7.0711
  Shell 4: R=15.0xi  t_exp=10.6066

  Saving pre-perturbation state...

=================================================================
  REFERENCE RUN (no perturbation, 17022 steps)
=================================================================
    REF t=2.0937  1680/17022  [13.1 s/s]
    REF t=4.1874  3360/17022  [13.0 s/s]
    REF t=6.2812  5040/17022  [13.0 s/s]
    REF t=8.3749  6720/17022  [13.0 s/s]
    REF t=10.4686  8400/17022  [13.0 s/s]
    REF t=12.5623  10080/17022  [13.0 s/s]
    REF t=14.6560  11760/17022  [13.0 s/s]
    REF t=16.7498  13440/17022  [13.0 s/s]
    REF t=18.8435  15120/17022  [13.0 s/s]
    REF t=20.9372  16800/17022  [13.0 s/s]
  Reference done (1307.0s, 13.0 s/s)

=================================================================
  RESTORE + PERTURBATION
=================================================================
  >>> INJECTING: sigma=1.414, dphi=3.1416, void=0.1

  BASELINE DIFFERENTIALS (perturbation footprint at t=0):
    R=3.0xi: rho_rms=2.3063e-01  phase_mad=1.1219e+00
    R=5.0xi: rho_rms=3.8524e-02  phase_mad=1.8491e-01
    R=7.5xi: rho_rms=8.4304e-04  phase_mad=4.3045e-03
    R=10.0xi: rho_rms=3.5002e-06  phase_mad=1.1795e-05
    R=15.0xi: rho_rms=0.0000e+00  phase_mad=0.0000e+00

=================================================================
  PERTURBED RUN (17022 steps)
  Signal = [pert(t)-ref(t)] - [pert(0)-ref(0)]
  Physical thresholds: acoustic > 0.005, phase > 0.005
=================================================================
  ** ACOUSTIC R=3.0xi: t=0.0012 (exp=2.1213 ratio=0.001) sig=2.1674e-02
  ** PHASE    R=3.0xi: t=0.0012 sig=1.8246e-01
  ** PHASE    R=5.0xi: t=0.0012 sig=4.7099e-02
  ** ACOUSTIC R=5.0xi: t=0.0037 (exp=3.5355 ratio=0.001) sig=5.9485e-03
  ** PHASE    R=7.5xi: t=0.0087 sig=5.1200e-03
  ** ACOUSTIC R=7.5xi: t=0.1570 (exp=5.3033 ratio=0.030) sig=2.0153e-02
  ** ACOUSTIC R=10.0xi: t=0.2617 (exp=7.0711 ratio=0.037) sig=1.5753e-02
  ** PHASE    R=10.0xi: t=0.2617 sig=6.8375e-03
  ** ACOUSTIC R=15.0xi: t=0.4187 (exp=10.6066 ratio=0.039) sig=5.1256e-03
  ** PHASE    R=15.0xi: t=0.5234 sig=5.8554e-03
    t=1.0469  prop_a=[2.725e-01,3.462e-02]  prop_p=[9.861e-01,1.490e-02]  [13.0 s/s]
  Early exit at t=1.0992 (all detected)

=================================================================
  RESULTS: PROPAGATION SIGNAL ARRIVAL
  Signal = [pert(t)-ref(t)] - [pert(0)-ref(0)]
  Solver: RK4 + FD4 (strictly local, no FFT)
=================================================================
  Shell   R/xi  t_expect    t_acou   t_phase  ratio_a   a<p?
  ------------------------------------------------------------
      0    3.0    2.1213    0.0012    0.0012    0.001   SAME
      1    5.0    3.5355    0.0037    0.0012    0.001    YES
      2    7.5    5.3033    0.1570    0.0087    0.030    YES
      3   10.0    7.0711    0.2617    0.2617    0.037   SAME
      4   15.0   10.6066    0.4187    0.5234    0.039   1.25

  >> Acoustic wavefront speed: c_fit = 18.8307 (c_s = 1.0000)
  >> Acoustic inner→outer ordering: CORRECT
  >> Phase arrival spread: 0.522184
  >> Phase wavefront speed: c_phase = 15.0629

  >> MIXED RESULT:
     R=3.0xi: phase/acoustic = 1.000
     R=5.0xi: phase/acoustic = 0.333
     R=7.5xi: phase/acoustic = 0.056
     R=10.0xi: phase/acoustic = 1.000
     R=15.0xi: phase/acoustic = 1.250

  Ref: 1307.0s  Pert: 67.6s  Total: 1378.7s
  Perf: 13.0 steps/s
