GPU 0: 24.44 GB free -> max grid N=512
Selecting N=512 for maximum resolution.

=================================================================
  GROSS-PITAEVSKII STRESS TEST -- RK4 + FD4 (STRICTLY LOCAL)
=================================================================
  Grid:             512^3 = 134,217,728 points
  Box:              [-23.33, 23.33]^3
  dx:               0.0912
  dt:               0.001246
  Healing length:   xi = 0.7071
  dx / xi:          0.129
  Speed of sound:   c_s = 1.0000
  CFL num speed:    146.28 (must >> c_s=1.00)
  Boundary R:       10.6066  (15.0 xi)
  Acoustic travel:  t_acoustic = R/c_s = 10.6066
  Steps to cross:   ~8511
  Interaction g:    1.0
  Background rho0:  1.0
  Chemical pot mu:  1.0
  Perturbation:     sigma=1.414, dphi=3.1416, void=0.1
  Est. VRAM usage:  5.37 GB
=================================================================
  Solver initialized (RK4 + FD4). 134,217,728 grid points.
  RK4 scratch: 6 arrays x 0.54 GB = 3.22 GB

--- Initializing Wavefunction ---
  Imprinting trefoil vortex on GPU (512^3 grid, 500 curve pts)...
  Trefoil imprinted. Core scale = 2.83, rho range = [0.0000, 1.0000]
  Computing density for normalization...
  Mean density before normalization: 0.999077
  Mean density after normalization: 1.000000

=================================================================
  PHASE 1: RELAXATION  (RK4 + FD4)
=================================================================
  Relaxation step 10/50: <rho>=0.999998, max(rho)=5.0189
  Relaxation step 20/50: <rho>=0.999996, max(rho)=6.8631
  Relaxation step 30/50: <rho>=0.999993, max(rho)=8.9580
  Relaxation step 40/50: <rho>=0.999991, max(rho)=13.0249
  Relaxation step 50/50: <rho>=0.999989, max(rho)=14.5832
  Relaxation complete (4.2s, 11.9 steps/s)

=================================================================
  PHASE 2: MULTI-SHELL BASELINE NOISE CALIBRATION
=================================================================
  Shell R=3.0xi: noise_a=5.64e-01 (thresh=2.82e+00), noise_p=6.87e-01 (thresh=3.44e+00)
  Shell R=5.0xi: noise_a=4.19e-01 (thresh=2.10e+00), noise_p=3.15e-01 (thresh=1.58e+00)
  Shell R=7.5xi: noise_a=2.93e-01 (thresh=1.47e+00), noise_p=1.30e-01 (thresh=6.52e-01)
  Shell R=10.0xi: noise_a=1.72e-01 (thresh=8.58e-01), noise_p=6.45e-02 (thresh=3.23e-01)
  Shell R=15.0xi: noise_a=9.28e-02 (thresh=4.64e-01), noise_p=2.60e-02 (thresh=1.30e-01)

=================================================================
  PHASE 3: PERTURBATION INJECTION  (phase pi + density void 0.1)
=================================================================

  >>> INJECTING PERTURBATION at knot center (0,0,0)
      sigma = 1.414, dphi = 3.1416, void = 0.1

  IMMEDIATE (dt=0) post-perturbation:
    Shell R=3.0xi: acoustic=2.5056e-01 [below], phase=1.1120e+00 [below]
    Shell R=5.0xi: acoustic=3.8722e-02 [below], phase=1.8401e-01 [below]
    Shell R=7.5xi: acoustic=8.5795e-04 [below], phase=3.2373e-03 [below]
    Shell R=10.0xi: acoustic=3.5216e-06 [below], phase=1.1797e-05 [below]
    Shell R=15.0xi: acoustic=0.0000e+00 [below], phase=0.0000e+00 [below]

=================================================================
  PHASE 4: SIGNAL TRACKING  (RK4 + FD4 -- strictly local)
  Expected acoustic crossing times:
    R=3.0xi: t_expected = 2.1213 (~1703 steps)
    R=5.0xi: t_expected = 3.5355 (~2837 steps)
    R=7.5xi: t_expected = 5.3033 (~4256 steps)
    R=10.0xi: t_expected = 7.0711 (~5674 steps)
    R=15.0xi: t_expected = 10.6066 (~8511 steps)
=================================================================
  ** PHASE at R=10.0xi: t=0.5234
  ** PHASE at R=15.0xi: t=0.5234
  ** PHASE at R=7.5xi: t=0.6281
    t=1.0469  inner_a=6.75e-01  outer_a=3.30e-01  [13.1 steps/s]
    t=2.0937  inner_a=6.86e-01  outer_a=3.50e-01  [13.1 steps/s]
    t=3.1406  inner_a=6.93e-01  outer_a=3.13e-01  [13.1 steps/s]
    t=4.1874  inner_a=7.29e-01  outer_a=3.07e-01  [13.1 steps/s]
    t=5.2343  inner_a=7.73e-01  outer_a=2.80e-01  [13.1 steps/s]
    t=6.2812  inner_a=8.22e-01  outer_a=2.85e-01  [13.1 steps/s]
    t=7.3280  inner_a=8.73e-01  outer_a=2.84e-01  [13.1 steps/s]
    t=8.3749  inner_a=8.73e-01  outer_a=2.94e-01  [13.1 steps/s]
    t=9.4217  inner_a=8.69e-01  outer_a=2.98e-01  [13.1 steps/s]
    t=10.4686  inner_a=8.64e-01  outer_a=2.94e-01  [13.1 steps/s]
    t=11.5155  inner_a=8.74e-01  outer_a=2.81e-01  [13.1 steps/s]
    t=12.5623  inner_a=8.58e-01  outer_a=2.75e-01  [13.1 steps/s]
    t=13.6092  inner_a=8.47e-01  outer_a=2.51e-01  [13.1 steps/s]
    t=14.6560  inner_a=8.64e-01  outer_a=2.29e-01  [13.0 steps/s]
    t=15.7029  inner_a=8.61e-01  outer_a=2.33e-01  [13.0 steps/s]
    t=16.7498  inner_a=8.73e-01  outer_a=2.37e-01  [13.0 steps/s]
    t=17.7966  inner_a=8.86e-01  outer_a=2.34e-01  [13.0 steps/s]
    t=18.8435  inner_a=8.84e-01  outer_a=2.44e-01  [13.0 steps/s]
    t=19.8903  inner_a=8.73e-01  outer_a=2.42e-01  [13.0 steps/s]
    t=20.9372  inner_a=8.90e-01  outer_a=2.38e-01  [13.0 steps/s]

=================================================================
  RESULTS: MULTI-SHELL SIGNAL ARRIVAL  (RK4 + FD4)
=================================================================
     Shell    R/xi  t_expect  t_acoustic     t_phase   ratio_a
  ---------------------------------------------------------------------------
         0     3.0    2.1213         ---         ---       ---
         1     5.0    3.5355         ---         ---       ---
         2     7.5    5.3033         ---      0.6281       ---
         3    10.0    7.0711         ---      0.5234       ---
         4    15.0   10.6066         ---      0.5234       ---

  >> Insufficient signal at any shell.
  >> Increase perturbation strength or resolution.

  Simulation time: 1306.2s (17022 steps)
  Performance: 13.0 steps/s
