GPU 0: 24.44 GB free -> max grid N=512
Selecting N=512 for maximum resolution.

=================================================================
  GROSS-PITAEVSKII STRESS TEST PARAMETERS
=================================================================
  Grid:             512^3 = 134,217,728 points
  Box:              [-23.33, 23.33]^3
  dx:               0.0912
  dt:               0.001662
  Healing length:   xi = 0.7071
  dx / xi:          0.129
  Speed of sound:   c_s = 1.0000
  Boundary R:       10.6066  (15.0 xi)
  Acoustic travel:  t_acoustic = R/c_s = 10.6066
  Interaction g:    1.0
  Background rho0:  1.0
  Chemical pot mu:  1.0
  Perturbation:     sigma=1.414, dphi=1.5708
  Est. VRAM usage:  4.29 GB
=================================================================
  Building k^2 spectral grid...
  Solver initialized. 134,217,728 grid points, 4096 boundary samples.

--- Initializing Wavefunction ---
  Imprinting trefoil vortex on GPU (512^3 grid, 500 curve pts)...
  Trefoil imprinted. Core scale = 2.83, rho range = [0.0000, 1.0000]
  Computing density for normalization...
  Density computed.
  Mean density before normalization: 0.999077
  Mean density after normalization: 1.000000

=================================================================
  PHASE 1: RELAXATION
=================================================================
  Relaxation step 10/50: <rho>=0.999999, max(rho)=7.1320
  Relaxation step 20/50: <rho>=0.999998, max(rho)=8.2632
  Relaxation step 30/50: <rho>=0.999997, max(rho)=10.4075
  Relaxation step 40/50: <rho>=0.999996, max(rho)=10.4621
  Relaxation step 50/50: <rho>=0.999995, max(rho)=11.3615
  Relaxation complete (2.6s)

=================================================================
  PHASE 2: MULTI-SHELL BASELINE
=================================================================
  Shell R=3.0xi: noise_a=5.51e-01 (thresh=5.51e+00), noise_p=7.51e-01 (thresh=7.51e+00)
  Shell R=5.0xi: noise_a=3.61e-01 (thresh=3.61e+00), noise_p=3.54e-01 (thresh=3.54e+00)
  Shell R=7.5xi: noise_a=3.36e-01 (thresh=3.36e+00), noise_p=1.58e-01 (thresh=1.58e+00)
  Shell R=10.0xi: noise_a=1.97e-01 (thresh=1.97e+00), noise_p=7.97e-02 (thresh=7.97e-01)
  Shell R=15.0xi: noise_a=1.36e-01 (thresh=1.36e+00), noise_p=2.96e-02 (thresh=2.96e-01)

=================================================================
  PHASE 3: PERTURBATION INJECTION
=================================================================

  >>> INJECTING PERTURBATION at knot center (0,0,0)
      sigma = 1.414, delta_phi = 1.5708

  IMMEDIATE (dt=0) post-perturbation:
    Shell R=3.0xi: acoustic=5.2223e-08, phase=6.6177e-01
    Shell R=5.0xi: acoustic=6.0971e-08, phase=1.0398e-01
    Shell R=7.5xi: acoustic=6.2619e-08, phase=1.9972e-03
    Shell R=10.0xi: acoustic=5.4869e-08, phase=5.9015e-06
    Shell R=15.0xi: acoustic=0.0000e+00, phase=0.0000e+00

=================================================================
  PHASE 4: SIGNAL TRACKING
  Expected acoustic crossing times:
    R=3.0xi: t_expected = 2.1213
    R=5.0xi: t_expected = 3.5355
    R=7.5xi: t_expected = 5.3033
    R=10.0xi: t_expected = 7.0711
    R=15.0xi: t_expected = 10.6066
=================================================================
    t=1.0302  inner_a=7.06e-01  outer_a=3.45e-01  [18.1 steps/s]
  ** PHASE at R=15.0xi: t=1.4939
    t=2.0605  inner_a=7.30e-01  outer_a=3.65e-01  [18.1 steps/s]
  ** PHASE at R=10.0xi: t=2.2150
    t=3.0907  inner_a=7.40e-01  outer_a=3.33e-01  [18.1 steps/s]
    t=4.1210  inner_a=7.89e-01  outer_a=3.26e-01  [18.1 steps/s]
    t=5.1512  inner_a=8.36e-01  outer_a=2.93e-01  [18.1 steps/s]
    t=6.1815  inner_a=8.80e-01  outer_a=2.96e-01  [18.1 steps/s]
    t=7.2117  inner_a=9.21e-01  outer_a=2.95e-01  [18.1 steps/s]
    t=8.2419  inner_a=9.48e-01  outer_a=3.06e-01  [18.1 steps/s]
    t=9.2722  inner_a=9.45e-01  outer_a=3.13e-01  [18.1 steps/s]
    t=10.3024  inner_a=9.16e-01  outer_a=3.15e-01  [18.2 steps/s]
    t=11.3327  inner_a=9.29e-01  outer_a=3.03e-01  [18.2 steps/s]
    t=12.3629  inner_a=9.39e-01  outer_a=2.97e-01  [18.1 steps/s]
    t=13.3932  inner_a=9.14e-01  outer_a=2.77e-01  [18.1 steps/s]
    t=14.4234  inner_a=9.30e-01  outer_a=2.60e-01  [18.1 steps/s]
    t=15.4536  inner_a=9.18e-01  outer_a=2.48e-01  [18.1 steps/s]
    t=16.4839  inner_a=9.51e-01  outer_a=2.54e-01  [18.1 steps/s]
    t=17.5141  inner_a=9.71e-01  outer_a=2.54e-01  [18.1 steps/s]
    t=18.5444  inner_a=9.37e-01  outer_a=2.65e-01  [18.1 steps/s]
    t=19.5746  inner_a=9.12e-01  outer_a=2.62e-01  [18.1 steps/s]
    t=20.6049  inner_a=9.29e-01  outer_a=2.62e-01  [18.1 steps/s]

=================================================================
  RESULTS: MULTI-SHELL SIGNAL ARRIVAL
=================================================================
     Shell    R/xi  t_expect  t_acoustic     t_phase   ratio_a
  ────────  ──────  ────────  ──────────  ──────────  ────────
         0     3.0    2.1213         ---         ---       ---
         1     5.0    3.5355         ---         ---       ---
         2     7.5    5.3033         ---         ---       ---
         3    10.0    7.0711         ---      2.2150       ---
         4    15.0   10.6066         ---      1.4939       ---

  >> Insufficient signal at any shell.
  >> Increase perturbation strength or resolution.

  Simulation time: 701.6s (12767 steps)
  Performance: 18.2 steps/s
