nohup: ignoring input
╔══════════════════════════════════════════════════════════════╗
║  UHF — Hydrodynamic Inertia v3: Momentum-Kick Force       ║
║  3D SSS GP Solver, Topological Ring Tracker                ║
╚══════════════════════════════════════════════════════════════╝
  Device : NVIDIA GeForce RTX 3090
  VRAM   : 25.8 GB

  Grid: 192×192×512 = 18,874,368
  Δx=0.2083, Δy=0.2083, Δz=0.1562
  Lx=Ly=40.0ξ, Lz=80.0ξ
  VRAM after grids: 0.15 GB

  Vortex ring: R=8.0ξ in x-y plane at z=0
  ρ range: [0.000015, 1.000000]
  ρ at core: 0.006912

  ┌─ Phase-Locked Imaginary-Time Relaxation
  │  600 steps, dt=0.05
  │  Step 60/600  ρ_min=0.000018  ρ_max=1.028159  ρ_core=0.003840  [1.7s]
  │  Step 120/600  ρ_min=0.000018  ρ_max=1.028315  ρ_core=0.003833  [3.4s]
  │  Step 180/600  ρ_min=0.000018  ρ_max=1.028316  ρ_core=0.003833  [5.2s]
  │  Step 240/600  ρ_min=0.000018  ρ_max=1.028316  ρ_core=0.003833  [6.9s]
  │  Step 300/600  ρ_min=0.000018  ρ_max=1.028316  ρ_core=0.003833  [8.7s]
  │  Step 360/600  ρ_min=0.000018  ρ_max=1.028316  ρ_core=0.003833  [10.4s]
  │  Step 420/600  ρ_min=0.000018  ρ_max=1.028316  ρ_core=0.003833  [12.3s]
  │  Step 480/600  ρ_min=0.000018  ρ_max=1.028316  ρ_core=0.003833  [14.2s]
  │  Step 540/600  ρ_min=0.000018  ρ_max=1.028316  ρ_core=0.003833  [15.9s]
  │  Step 600/600  ρ_min=0.000018  ρ_max=1.028316  ρ_core=0.003833  [17.7s]
  │  ρ_min=0.000018, ρ_max=1.028316
  │  ρ_core=0.003833 (depletion 99.6%)
  └─ 17.7s

  Post-relax: z_ring=0.000000, core_void=311.0591

  ┌─ Pre-flight settling: 50.0τ with F=0
  │  t=  10.0  z_ring=-1.5625  cvoid=305.8684  [16s]
  │  t=  20.0  z_ring=-1.5625  cvoid=464.7290  [33s]
  │  t=  30.0  z_ring=-1.5625  cvoid=543.9504  [49s]
  │  t=  40.0  z_ring=-1.5625  cvoid=554.2124  [66s]
  │  t=  50.0  z_ring=-1.5625  cvoid=539.2543  [81s]
  └─ Settled: z_ring(unwrap)=-1.5625, cvoid=539.2543, v_self≈-0.0312 ξ/τ  [81s]
  VRAM: 0.60 GB

==============================================================
  FORCE  F = 0.005
  Ramp: 50τ → Hold: 750τ → Total: 800τ
==============================================================
  Init: z_ring=-1.562500, core_void=539.2543
  dt=0.02, steps=40000, sample every 500
  t=   10.0  z_ring=-1.5625  cvoid=529.3020  [22s]
  t=   20.0  z_ring=-1.5625  cvoid=537.3289  [43s]
  t=   30.0  z_ring=-1.5625  cvoid=531.5206  [66s]
  t=   40.0  z_ring=-1.5625  cvoid=530.9149  [87s]
  t=   50.0  z_ring=-1.5625  cvoid=527.0152  [108s]
  t=   60.0  z_ring=-1.5625  cvoid=528.7451  [131s]
  t=   70.0  z_ring=-1.5625  cvoid=527.4839  [152s]
  t=   80.0  z_ring=-1.5625  cvoid=531.5605  [174s]
  t=   90.0  z_ring=-1.5625  cvoid=532.1719  [196s]
  t=  100.0  z_ring=-1.5625  cvoid=530.2144  [217s]
  t=  110.0  z_ring=-1.5625  cvoid=532.2820  [239s]
  t=  120.0  z_ring=-1.5625  cvoid=529.8154  [261s]
  t=  130.0  z_ring=-1.5625  cvoid=531.4041  [282s]
  t=  140.0  z_ring=-1.5625  cvoid=529.6883  [304s]
  t=  150.0  z_ring=-1.5625  cvoid=530.1566  [325s]
  t=  160.0  z_ring=-1.5625  cvoid=530.8559  [346s]
  t=  170.0  z_ring=-1.5625  cvoid=527.5896  [368s]
  t=  180.0  z_ring=-1.5625  cvoid=536.9091  [390s]
  t=  190.0  z_ring=-1.5625  cvoid=533.7065  [412s]
  t=  200.0  z_ring=-1.5625  cvoid=527.8393  [434s]
  t=  210.0  z_ring=-1.5625  cvoid=531.6434  [455s]
  t=  220.0  z_ring=-1.5625  cvoid=535.0617  [477s]
  t=  230.0  z_ring=-1.5625  cvoid=530.4511  [499s]
  t=  240.0  z_ring=-1.5625  cvoid=532.7215  [520s]
  t=  250.0  z_ring=-1.5625  cvoid=532.3436  [542s]
  t=  260.0  z_ring=-1.5625  cvoid=530.5892  [564s]
  t=  270.0  z_ring=-1.5625  cvoid=532.8292  [585s]
  t=  280.0  z_ring=-1.5625  cvoid=531.1824  [607s]
  t=  290.0  z_ring=-1.5625  cvoid=527.9569  [629s]
  t=  300.0  z_ring=-1.5625  cvoid=531.9273  [650s]
  t=  310.0  z_ring=-1.5625  cvoid=531.5889  [672s]
  t=  320.0  z_ring=-1.5625  cvoid=533.9390  [694s]
  t=  330.0  z_ring=-1.5625  cvoid=526.9442  [715s]
  t=  340.0  z_ring=-1.5625  cvoid=530.1965  [737s]
  t=  350.0  z_ring=-1.5625  cvoid=524.3578  [759s]
  t=  360.0  z_ring=-1.5625  cvoid=525.4403  [780s]
  t=  370.0  z_ring=-1.5625  cvoid=526.3800  [802s]
  t=  380.0  z_ring=-1.5625  cvoid=530.1415  [824s]
  t=  390.0  z_ring=-1.5625  cvoid=530.9136  [845s]
  t=  400.0  z_ring=-1.5625  cvoid=532.8488  [867s]
  t=  410.0  z_ring=-1.5625  cvoid=528.4965  [889s]
  t=  420.0  z_ring=-1.5625  cvoid=527.3444  [910s]
  t=  430.0  z_ring=-1.5625  cvoid=529.4311  [932s]
  t=  440.0  z_ring=-1.5625  cvoid=529.7431  [953s]
  t=  450.0  z_ring=-1.5625  cvoid=527.5499  [975s]
  t=  460.0  z_ring=-1.5625  cvoid=528.0518  [997s]
  t=  470.0  z_ring=-1.5625  cvoid=526.2778  [1018s]
  t=  480.0  z_ring=-1.5625  cvoid=525.1328  [1040s]
  t=  490.0  z_ring=-1.5625  cvoid=524.8378  [1062s]
  t=  500.0  z_ring=-1.5625  cvoid=525.8792  [1083s]
  t=  510.0  z_ring=-1.5625  cvoid=522.7298  [1105s]
  t=  520.0  z_ring=-1.5625  cvoid=525.1400  [1127s]
  t=  530.0  z_ring=-1.5625  cvoid=522.7519  [1148s]
  t=  540.0  z_ring=-1.5625  cvoid=523.2379  [1170s]
  t=  550.0  z_ring=-1.5625  cvoid=525.6998  [1192s]
  t=  560.0  z_ring=-1.5625  cvoid=523.0104  [1213s]
  t=  570.0  z_ring=-1.5625  cvoid=526.3151  [1235s]
  t=  580.0  z_ring=-1.5625  cvoid=524.6983  [1257s]
  t=  590.0  z_ring=-1.5625  cvoid=523.8482  [1278s]
  t=  600.0  z_ring=-1.5625  cvoid=523.9572  [1300s]
  t=  610.0  z_ring=-1.5625  cvoid=524.0617  [1321s]
  t=  620.0  z_ring=-1.5625  cvoid=523.3164  [1343s]
  t=  630.0  z_ring=-1.5625  cvoid=523.3144  [1365s]
  t=  640.0  z_ring=-1.5625  cvoid=522.6930  [1386s]
  t=  650.0  z_ring=-1.5625  cvoid=525.1239  [1408s]
  t=  660.0  z_ring=-1.5625  cvoid=523.4214  [1430s]
  t=  670.0  z_ring=-1.5625  cvoid=523.7851  [1451s]
  t=  680.0  z_ring=-1.5625  cvoid=524.3813  [1473s]
  t=  690.0  z_ring=-1.5625  cvoid=525.7174  [1495s]
  t=  700.0  z_ring=-1.5625  cvoid=524.9048  [1516s]
  t=  710.0  z_ring=-1.5625  cvoid=523.1624  [1538s]
  t=  720.0  z_ring=-1.5625  cvoid=523.4098  [1560s]
  t=  730.0  z_ring=-1.5625  cvoid=525.5836  [1581s]
  t=  740.0  z_ring=-1.5625  cvoid=522.0947  [1603s]
  t=  750.0  z_ring=-1.5625  cvoid=523.5061  [1625s]
  t=  760.0  z_ring=-1.5625  cvoid=526.0653  [1646s]
  t=  770.0  z_ring=-1.5625  cvoid=525.4208  [1668s]
  t=  780.0  z_ring=-1.5625  cvoid=524.9785  [1690s]
  t=  790.0  z_ring=-1.5625  cvoid=524.4488  [1711s]
  t=  800.0  z_ring=-1.5625  cvoid=523.7671  [1733s]
  40000 steps, 1733.4s, VRAM 2.57 GB

  F=0.005: fit failed (a≈0)

==============================================================
  FORCE  F = 0.01
  Ramp: 50τ → Hold: 750τ → Total: 800τ
==============================================================
  Init: z_ring=-1.562500, core_void=539.2543
  dt=0.02, steps=40000, sample every 500
  t=   10.0  z_ring=-1.5625  cvoid=529.3420  [21s]
  t=   20.0  z_ring=-1.5625  cvoid=537.2484  [43s]
  t=   30.0  z_ring=-1.5625  cvoid=531.7637  [65s]
  t=   40.0  z_ring=-1.5625  cvoid=535.0199  [86s]
  t=   50.0  z_ring=-1.5625  cvoid=531.4942  [108s]
  t=   60.0  z_ring=-1.5625  cvoid=530.3481  [130s]
  t=   70.0  z_ring=-1.5625  cvoid=530.5154  [151s]
  t=   80.0  z_ring=-1.5625  cvoid=533.9566  [173s]
  t=   90.0  z_ring=-1.5625  cvoid=529.3109  [195s]
  t=  100.0  z_ring=-1.5625  cvoid=526.6873  [216s]
  t=  110.0  z_ring=-1.5625  cvoid=526.1501  [238s]
  t=  120.0  z_ring=-1.5625  cvoid=529.7445  [260s]
  t=  130.0  z_ring=-1.5625  cvoid=525.4012  [281s]
  t=  140.0  z_ring=-1.5625  cvoid=531.9070  [303s]
  t=  150.0  z_ring=-1.5625  cvoid=527.8689  [325s]
  t=  160.0  z_ring=-1.5625  cvoid=525.0085  [346s]
  t=  170.0  z_ring=-1.5625  cvoid=528.6922  [369s]
  t=  180.0  z_ring=-1.5625  cvoid=531.9293  [390s]
  t=  190.0  z_ring=-1.5625  cvoid=534.1675  [411s]
  t=  200.0  z_ring=-1.5625  cvoid=533.4603  [434s]
  t=  210.0  z_ring=-1.5625  cvoid=532.9576  [454s]
  t=  220.0  z_ring=-1.5625  cvoid=529.1583  [476s]
  t=  230.0  z_ring=-1.5625  cvoid=530.8533  [499s]
  t=  240.0  z_ring=-1.5625  cvoid=529.2538  [519s]
  t=  250.0  z_ring=-1.5625  cvoid=524.8713  [541s]
  t=  260.0  z_ring=-1.5625  cvoid=525.9247  [564s]
  t=  270.0  z_ring=-1.5625  cvoid=527.2194  [584s]
  t=  280.0  z_ring=-1.5625  cvoid=529.5652  [607s]
  t=  290.0  z_ring=-1.5625  cvoid=531.2042  [629s]
  t=  300.0  z_ring=-1.5625  cvoid=524.3664  [650s]
  t=  310.0  z_ring=-1.5625  cvoid=528.5450  [672s]
  t=  320.0  z_ring=-1.5625  cvoid=534.2730  [694s]
  t=  330.0  z_ring=-1.5625  cvoid=536.4363  [715s]
  t=  340.0  z_ring=-1.5625  cvoid=530.1302  [737s]
  t=  350.0  z_ring=-1.5625  cvoid=527.7434  [757s]
  t=  360.0  z_ring=-1.5625  cvoid=528.9707  [780s]
  t=  370.0  z_ring=-1.5625  cvoid=529.0008  [802s]
  t=  380.0  z_ring=-1.5625  cvoid=526.2703  [822s]
  t=  390.0  z_ring=-1.5625  cvoid=526.3064  [844s]
  t=  400.0  z_ring=-1.5625  cvoid=529.0886  [866s]
  t=  410.0  z_ring=-1.5625  cvoid=532.1993  [887s]
  t=  420.0  z_ring=-1.5625  cvoid=528.7975  [909s]
  t=  430.0  z_ring=-1.5625  cvoid=529.6679  [931s]
  t=  440.0  z_ring=-1.5625  cvoid=529.5416  [952s]
  t=  450.0  z_ring=-1.5625  cvoid=524.7473  [974s]
  t=  460.0  z_ring=-1.5625  cvoid=526.1491  [996s]
  t=  470.0  z_ring=-1.5625  cvoid=525.6133  [1017s]
  t=  480.0  z_ring=-1.5625  cvoid=524.8710  [1039s]
  t=  490.0  z_ring=-1.5625  cvoid=523.8871  [1060s]
  t=  500.0  z_ring=-1.5625  cvoid=523.8282  [1082s]
  t=  510.0  z_ring=-1.5625  cvoid=524.7813  [1104s]
  t=  520.0  z_ring=-1.5625  cvoid=526.5725  [1125s]
  t=  530.0  z_ring=-1.5625  cvoid=523.9739  [1147s]
  t=  540.0  z_ring=-1.5625  cvoid=523.8747  [1170s]
  t=  550.0  z_ring=-1.5625  cvoid=524.9793  [1191s]
  t=  560.0  z_ring=-1.5625  cvoid=522.6110  [1213s]
  t=  570.0  z_ring=-1.5625  cvoid=524.1362  [1235s]
  t=  580.0  z_ring=-1.5625  cvoid=524.1749  [1256s]
  t=  590.0  z_ring=-1.5625  cvoid=524.2181  [1278s]
  t=  600.0  z_ring=-1.5625  cvoid=524.4709  [1300s]
  t=  610.0  z_ring=-1.5625  cvoid=523.3240  [1321s]
  t=  620.0  z_ring=-1.5625  cvoid=526.5838  [1343s]
  t=  630.0  z_ring=-1.5625  cvoid=523.9855  [1364s]
  t=  640.0  z_ring=-1.5625  cvoid=523.5164  [1386s]
  t=  650.0  z_ring=-1.5625  cvoid=522.1520  [1407s]
  t=  660.0  z_ring=-1.5625  cvoid=524.5979  [1429s]
  t=  670.0  z_ring=-1.5625  cvoid=525.7862  [1451s]
  t=  680.0  z_ring=-1.5625  cvoid=524.2966  [1472s]
  t=  690.0  z_ring=-1.5625  cvoid=523.1838  [1494s]
  t=  700.0  z_ring=-1.5625  cvoid=524.4939  [1516s]
  t=  710.0  z_ring=-1.5625  cvoid=522.9392  [1537s]
  t=  720.0  z_ring=-1.5625  cvoid=523.4961  [1559s]
  t=  730.0  z_ring=-1.5625  cvoid=523.5096  [1581s]
  t=  740.0  z_ring=-1.5625  cvoid=524.2297  [1602s]
  t=  750.0  z_ring=-1.5625  cvoid=524.4204  [1624s]
  t=  760.0  z_ring=-1.5625  cvoid=523.2342  [1645s]
  t=  770.0  z_ring=-1.5625  cvoid=523.6113  [1667s]
  t=  780.0  z_ring=-1.5625  cvoid=521.8755  [1690s]
  t=  790.0  z_ring=-1.5625  cvoid=523.6375  [1710s]
  t=  800.0  z_ring=-1.5625  cvoid=524.7559  [1732s]
  40000 steps, 1732.4s, VRAM 2.57 GB

  F=0.01: fit failed (a≈0)

==============================================================
  FORCE  F = 0.02
  Ramp: 50τ → Hold: 750τ → Total: 800τ
==============================================================
  Init: z_ring=-1.562500, core_void=539.2543
  dt=0.02, steps=40000, sample every 500
  t=   10.0  z_ring=-1.5625  cvoid=529.7346  [22s]
  t=   20.0  z_ring=-1.5625  cvoid=535.1904  [43s]
  t=   30.0  z_ring=-1.5625  cvoid=531.6332  [65s]
  t=   40.0  z_ring=-1.5625  cvoid=529.3845  [87s]
  t=   50.0  z_ring=-1.5625  cvoid=526.9676  [108s]
  t=   60.0  z_ring=-1.5625  cvoid=529.9374  [130s]
  t=   70.0  z_ring=-1.5625  cvoid=534.4640  [152s]
  t=   80.0  z_ring=-1.5625  cvoid=527.5117  [173s]
  t=   90.0  z_ring=-1.5625  cvoid=531.4803  [195s]
  t=  100.0  z_ring=-1.5625  cvoid=528.7134  [216s]
  t=  110.0  z_ring=-1.5625  cvoid=525.8962  [238s]
  t=  120.0  z_ring=-1.5625  cvoid=528.1651  [260s]
  t=  130.0  z_ring=-1.5625  cvoid=527.3376  [281s]
  t=  140.0  z_ring=-1.5625  cvoid=528.9074  [303s]
  t=  150.0  z_ring=-1.5625  cvoid=530.7233  [325s]
  t=  160.0  z_ring=-1.5625  cvoid=531.2109  [346s]
  t=  170.0  z_ring=-1.5625  cvoid=533.3332  [368s]
  t=  180.0  z_ring=-1.5625  cvoid=533.9264  [390s]
  t=  190.0  z_ring=-1.5625  cvoid=523.0844  [411s]
  t=  200.0  z_ring=-1.5625  cvoid=535.2444  [433s]
  t=  210.0  z_ring=-1.5625  cvoid=530.2735  [455s]
  t=  220.0  z_ring=-1.5625  cvoid=527.7003  [476s]
  t=  230.0  z_ring=-1.5625  cvoid=523.4574  [498s]
  t=  240.0  z_ring=-1.5625  cvoid=530.3058  [520s]
  t=  250.0  z_ring=-1.5625  cvoid=532.0209  [541s]
  t=  260.0  z_ring=-1.5625  cvoid=531.5530  [563s]
  t=  270.0  z_ring=-1.5625  cvoid=530.6017  [584s]
  t=  280.0  z_ring=-1.5625  cvoid=530.1321  [606s]
  t=  290.0  z_ring=-1.5625  cvoid=530.6502  [628s]
  t=  300.0  z_ring=-1.5625  cvoid=527.2567  [649s]
  t=  310.0  z_ring=-1.5625  cvoid=531.8035  [671s]
  t=  320.0  z_ring=-1.5625  cvoid=530.8956  [693s]
  t=  330.0  z_ring=-1.5625  cvoid=531.0466  [714s]
  t=  340.0  z_ring=-1.5625  cvoid=528.8378  [736s]
  t=  350.0  z_ring=-1.5625  cvoid=529.0910  [758s]
  t=  360.0  z_ring=-1.5625  cvoid=528.7938  [779s]
  t=  370.0  z_ring=-1.5625  cvoid=526.0264  [801s]
  t=  380.0  z_ring=-1.5625  cvoid=532.0680  [823s]
  t=  390.0  z_ring=-1.5625  cvoid=527.9826  [844s]
  t=  400.0  z_ring=-1.5625  cvoid=528.0066  [866s]
  t=  410.0  z_ring=-1.5625  cvoid=526.2348  [887s]
  t=  420.0  z_ring=-1.5625  cvoid=527.6293  [909s]
  t=  430.0  z_ring=-1.5625  cvoid=527.3029  [931s]
  t=  440.0  z_ring=-1.5625  cvoid=528.3525  [952s]
  t=  450.0  z_ring=-1.5625  cvoid=526.9064  [974s]
  t=  460.0  z_ring=-1.5625  cvoid=524.1638  [996s]
  t=  470.0  z_ring=-1.5625  cvoid=527.2126  [1017s]
  t=  480.0  z_ring=-1.5625  cvoid=524.7059  [1039s]
  t=  490.0  z_ring=-1.5625  cvoid=525.4964  [1061s]
  t=  500.0  z_ring=-1.5625  cvoid=524.3109  [1082s]
  t=  510.0  z_ring=-1.5625  cvoid=524.6203  [1104s]
  t=  520.0  z_ring=-1.5625  cvoid=525.4727  [1126s]
  t=  530.0  z_ring=-1.5625  cvoid=523.1285  [1147s]
  t=  540.0  z_ring=-1.5625  cvoid=524.4172  [1169s]
  t=  550.0  z_ring=-1.5625  cvoid=524.1127  [1192s]
  t=  560.0  z_ring=-1.5625  cvoid=524.1068  [1212s]
  t=  570.0  z_ring=-1.5625  cvoid=523.8354  [1235s]
  t=  580.0  z_ring=-1.5625  cvoid=523.4026  [1255s]
  t=  590.0  z_ring=-1.5625  cvoid=523.9380  [1277s]
  t=  600.0  z_ring=-1.5625  cvoid=524.8265  [1299s]
  t=  610.0  z_ring=-1.5625  cvoid=524.7466  [1320s]
  t=  620.0  z_ring=-1.5625  cvoid=521.9230  [1342s]
  t=  630.0  z_ring=-1.5625  cvoid=523.3441  [1364s]
  t=  640.0  z_ring=-1.5625  cvoid=524.9795  [1385s]
  t=  650.0  z_ring=-1.5625  cvoid=525.0183  [1407s]
  t=  660.0  z_ring=-1.5625  cvoid=523.4010  [1429s]
  t=  670.0  z_ring=-1.5625  cvoid=523.8256  [1450s]
  t=  680.0  z_ring=-1.5625  cvoid=523.9538  [1472s]
  t=  690.0  z_ring=-1.5625  cvoid=526.0946  [1493s]
  t=  700.0  z_ring=-1.5625  cvoid=524.6059  [1515s]
  t=  710.0  z_ring=-1.5625  cvoid=524.9564  [1537s]
  t=  720.0  z_ring=-1.5625  cvoid=525.6268  [1558s]
  t=  730.0  z_ring=-1.5625  cvoid=524.5514  [1580s]
  t=  740.0  z_ring=-1.5625  cvoid=524.7391  [1602s]
  t=  750.0  z_ring=-1.5625  cvoid=523.7388  [1623s]
  t=  760.0  z_ring=-1.5625  cvoid=525.9997  [1645s]
  t=  770.0  z_ring=-1.5625  cvoid=522.9801  [1667s]
  t=  780.0  z_ring=-1.5625  cvoid=524.7150  [1688s]
  t=  790.0  z_ring=-1.5625  cvoid=524.6035  [1710s]
  t=  800.0  z_ring=-1.5625  cvoid=524.6764  [1732s]
  40000 steps, 1732.4s, VRAM 2.57 GB

  F=0.02: fit failed (a≈0)

==============================================================
  FORCE  F = 0.05
  Ramp: 50τ → Hold: 750τ → Total: 800τ
==============================================================
  Init: z_ring=-1.562500, core_void=539.2543
  dt=0.02, steps=40000, sample every 500
  t=   10.0  z_ring=-1.5625  cvoid=531.0796  [21s]
  t=   20.0  z_ring=-1.5625  cvoid=533.1510  [43s]
  t=   30.0  z_ring=-1.5625  cvoid=535.6311  [64s]
  t=   40.0  z_ring=-1.5625  cvoid=533.8135  [86s]
  t=   50.0  z_ring=-1.5625  cvoid=528.3555  [108s]
  t=   60.0  z_ring=-1.5625  cvoid=532.2599  [129s]
  t=   70.0  z_ring=-1.5625  cvoid=530.1163  [151s]
  t=   80.0  z_ring=-1.5625  cvoid=530.8626  [173s]
  t=   90.0  z_ring=-1.5625  cvoid=524.9100  [194s]
  t=  100.0  z_ring=-1.5625  cvoid=529.9782  [216s]
  t=  110.0  z_ring=-1.5625  cvoid=526.6845  [238s]
  t=  120.0  z_ring=-1.5625  cvoid=531.6236  [259s]
  t=  130.0  z_ring=-1.5625  cvoid=529.6167  [281s]
  t=  140.0  z_ring=-1.5625  cvoid=530.3894  [303s]
  t=  150.0  z_ring=-1.5625  cvoid=523.3311  [324s]
  t=  160.0  z_ring=-1.5625  cvoid=526.4548  [346s]
  t=  170.0  z_ring=-1.5625  cvoid=532.8280  [367s]
  t=  180.0  z_ring=-1.5625  cvoid=535.7558  [389s]
  t=  190.0  z_ring=-1.5625  cvoid=533.7372  [411s]
  t=  200.0  z_ring=-1.5625  cvoid=529.5818  [432s]
  t=  210.0  z_ring=-1.5625  cvoid=529.5683  [454s]
  t=  220.0  z_ring=-1.5625  cvoid=530.3964  [476s]
  t=  230.0  z_ring=-1.5625  cvoid=531.0485  [497s]
  t=  240.0  z_ring=-1.5625  cvoid=528.6313  [519s]
  t=  250.0  z_ring=-1.5625  cvoid=527.7218  [541s]
  t=  260.0  z_ring=-1.5625  cvoid=533.0807  [562s]
  t=  270.0  z_ring=-1.5625  cvoid=531.3287  [584s]
  t=  280.0  z_ring=-1.5625  cvoid=529.1756  [606s]
  t=  290.0  z_ring=-1.5625  cvoid=531.8607  [627s]
  t=  300.0  z_ring=-1.5625  cvoid=531.0030  [649s]
  t=  310.0  z_ring=-1.5625  cvoid=537.6895  [670s]
  t=  320.0  z_ring=-1.5625  cvoid=529.5894  [692s]
  t=  330.0  z_ring=-1.5625  cvoid=534.6437  [714s]
  t=  340.0  z_ring=-1.5625  cvoid=530.2998  [735s]
  t=  350.0  z_ring=-1.5625  cvoid=534.7873  [757s]
  t=  360.0  z_ring=-1.5625  cvoid=530.9455  [779s]
  t=  370.0  z_ring=-1.5625  cvoid=534.7479  [800s]
  t=  380.0  z_ring=-1.5625  cvoid=529.5222  [822s]
  t=  390.0  z_ring=-1.5625  cvoid=529.6450  [844s]
  t=  400.0  z_ring=-1.5625  cvoid=522.6840  [865s]
  t=  410.0  z_ring=-1.5625  cvoid=526.0771  [887s]
  t=  420.0  z_ring=-1.5625  cvoid=530.5581  [910s]
  t=  430.0  z_ring=-1.5625  cvoid=527.3762  [930s]
  t=  440.0  z_ring=-1.5625  cvoid=531.2798  [952s]
  t=  450.0  z_ring=-1.5625  cvoid=528.4386  [973s]
  t=  460.0  z_ring=-1.5625  cvoid=526.9745  [995s]
  t=  470.0  z_ring=-1.5625  cvoid=526.8553  [1017s]
  t=  480.0  z_ring=-1.5625  cvoid=526.3720  [1038s]
  t=  490.0  z_ring=-1.5625  cvoid=525.1433  [1060s]
  t=  500.0  z_ring=-1.5625  cvoid=525.3662  [1083s]
  t=  510.0  z_ring=-1.5625  cvoid=524.4950  [1103s]
  t=  520.0  z_ring=-1.5625  cvoid=525.1738  [1125s]
  t=  530.0  z_ring=-1.5625  cvoid=524.4982  [1147s]
  t=  540.0  z_ring=-1.5625  cvoid=522.9152  [1167s]
  t=  550.0  z_ring=-1.5625  cvoid=525.9143  [1189s]
  t=  560.0  z_ring=-1.5625  cvoid=524.0483  [1209s]
  t=  570.0  z_ring=-1.5625  cvoid=526.5503  [1231s]
  t=  580.0  z_ring=-1.5625  cvoid=524.0837  [1252s]
  t=  590.0  z_ring=-1.5625  cvoid=525.5863  [1272s]
  t=  600.0  z_ring=-1.5625  cvoid=523.7129  [1294s]
  t=  610.0  z_ring=-1.5625  cvoid=525.0266  [1315s]
  t=  620.0  z_ring=-1.5625  cvoid=523.6694  [1336s]
  t=  630.0  z_ring=-1.5625  cvoid=524.4423  [1357s]
  t=  640.0  z_ring=-1.5625  cvoid=525.2008  [1379s]
  t=  650.0  z_ring=-1.5625  cvoid=523.1532  [1399s]
  t=  660.0  z_ring=-1.5625  cvoid=523.7905  [1421s]
  t=  670.0  z_ring=-1.5625  cvoid=524.2452  [1441s]
  t=  680.0  z_ring=-1.5625  cvoid=521.6200  [1462s]
  t=  690.0  z_ring=-1.5625  cvoid=525.1127  [1484s]
  t=  700.0  z_ring=-1.5625  cvoid=524.5807  [1504s]
  t=  710.0  z_ring=-1.5625  cvoid=524.5045  [1526s]
  t=  720.0  z_ring=-1.5625  cvoid=523.9219  [1547s]
  t=  730.0  z_ring=-1.5625  cvoid=524.0709  [1567s]
  t=  740.0  z_ring=-1.5625  cvoid=523.8333  [1588s]
  t=  750.0  z_ring=-1.5625  cvoid=523.9535  [1610s]
  t=  760.0  z_ring=-1.5625  cvoid=523.1802  [1631s]
  t=  770.0  z_ring=-1.5625  cvoid=525.4770  [1652s]
  t=  780.0  z_ring=-1.5625  cvoid=523.9592  [1673s]
  t=  790.0  z_ring=-1.5625  cvoid=525.7136  [1693s]
  t=  800.0  z_ring=-1.5625  cvoid=526.0499  [1715s]
  40000 steps, 1715.0s, VRAM 2.57 GB

  F=0.05: fit failed (a≈0)

══════════════════════════════════════════════════════════════════════
  RESULTS TABLE
══════════════════════════════════════════════════════════════════════
         F            v0               a         m_eff          R²  Status
  ────────  ────────────  ──────────────  ────────────  ──────────  ────────────────────
    0.0050             —    0.000000e+00             —           —  OK
    0.0100             —    0.000000e+00             —           —  OK
    0.0200             —    0.000000e+00             —           —  OK
    0.0500             —    0.000000e+00             —           —  OK

  CONCLUSION: No valid m_eff obtained
  Plot: UHF_HydroInertia_v3_results/zcom_F0.005.png
  Plot: UHF_HydroInertia_v3_results/zcom_F0.01.png
  Plot: UHF_HydroInertia_v3_results/zcom_F0.02.png
  Plot: UHF_HydroInertia_v3_results/zcom_F0.05.png
/mnt/d/TOE/uhf_hydro_inertia_test_v3.py:564: UserWarning: No artists with labels found to put in legend.  Note that artists whose label start with an underscore are ignored when legend() is called with no argument.
  ax.set_title('Effective Mass vs Force'); ax.legend(fontsize=9)

  Dashboard: UHF_HydroInertia_v3_results/hydro_inertia_dashboard_v3.png
  JSON: UHF_HydroInertia_v3_results/hydro_inertia_v3_results.json

══════════════════════════════════════════════════════════════════════
  No valid m_eff obtained
══════════════════════════════════════════════════════════════════════
